<?xml version="1.0" encoding="UTF-8"?>
<!-- Generated by org.testng.reporters.JUnitXMLReporter -->
<testsuite hostname="DESKTOP-MCRE4HN" ignored="0" name="Command line test" tests="6" failures="0" timestamp="2021-07-03T07:19:49 IST" time="0.042" errors="0">
  <testcase name="App" time="0.004" classname="qaclickacademy.AppiumTest"/>
  <testcase name="sdk" time="0.0" classname="qaclickacademy.AppiumTest"/>
  <testcase name="rest" time="0.0" classname="qaclickacademy.RestApiTest"/>
  <testcase name="soupui" time="0.0" classname="qaclickacademy.RestApiTest"/>
  <testcase name="alert" time="0.0" classname="qaclickacademy.SeleniumTest"/>
  <testcase name="frames" time="0.0" classname="qaclickacademy.SeleniumTest"/>
</testsuite> <!-- Command line test -->
