<?xml version="1.0" encoding="UTF-8"?>
<!-- Generated by org.testng.reporters.JUnitXMLReporter -->
<testsuite hostname="DESKTOP-MCRE4HN" ignored="0" name="Test" tests="4" failures="0" timestamp="2021-06-27T13:53:41 IST" time="0.038" errors="0">
  <testcase name="App" time="0.005" classname="qaclickacademy.AppiumTest"/>
  <testcase name="sdk" time="0.0" classname="qaclickacademy.AppiumTest"/>
  <testcase name="rest" time="0.001" classname="qaclickacademy.RestApiTest"/>
  <testcase name="soupui" time="0.0" classname="qaclickacademy.RestApiTest"/>
</testsuite> <!-- Test -->
