<?xml version="1.0" encoding="UTF-8"?>
<testng-results skipped="0" failed="0" ignored="0" total="2" passed="2">
  <reporter-output>
  </reporter-output>
  <suite name="Default suite" duration-ms="46" started-at="2021-07-03T07:06:11 IST" finished-at="2021-07-03T07:06:11 IST">
    <groups>
    </groups>
    <test name="Default test" duration-ms="46" started-at="2021-07-03T07:06:11 IST" finished-at="2021-07-03T07:06:11 IST">
      <class name="qaclickacademy.AppiumTest">
        <test-method status="PASS" signature="App()[pri:0, instance:qaclickacademy.AppiumTest@2781e022]" name="App" duration-ms="7" started-at="2021-07-03T07:06:11 IST" finished-at="2021-07-03T07:06:11 IST">
          <reporter-output>
          </reporter-output>
        </test-method> <!-- App -->
        <test-method status="PASS" signature="sdk()[pri:0, instance:qaclickacademy.AppiumTest@2781e022]" name="sdk" duration-ms="1" started-at="2021-07-03T07:06:11 IST" finished-at="2021-07-03T07:06:11 IST">
          <reporter-output>
          </reporter-output>
        </test-method> <!-- sdk -->
      </class> <!-- qaclickacademy.AppiumTest -->
    </test> <!-- Default test -->
  </suite> <!-- Default suite -->
</testng-results>
